# Logfile created on 2017-10-20 15:08:05 -0400 by logger.rb/56815
D, [2017-10-20T15:08:05.190783 #9068] DEBUG -- : REQUESTING PAGE: GET / with {} and HTTP headers {}
D, [2017-10-20T15:08:05.541803 #9068] DEBUG -- : REQUESTING PAGE: GET / with {} and HTTP headers {}
D, [2017-10-20T15:11:40.820117 #10708] DEBUG -- : REQUESTING PAGE: GET / with {} and HTTP headers {}
D, [2017-10-20T15:11:41.029128 #10708] DEBUG -- : REQUESTING PAGE: GET / with {} and HTTP headers {}
D, [2017-10-20T15:16:02.717096 #10348] DEBUG -- : REQUESTING PAGE: GET / with {} and HTTP headers {}
D, [2017-10-20T15:16:03.004113 #10348] DEBUG -- : REQUESTING PAGE: GET / with {} and HTTP headers {}
D, [2017-10-21T07:15:07.343106 #9952] DEBUG -- : REQUESTING PAGE: GET / with {} and HTTP headers {}
D, [2017-10-21T07:15:08.007144 #9952] DEBUG -- : REQUESTING PAGE: GET / with {} and HTTP headers {}
D, [2017-10-21T07:17:27.284110 #11824] DEBUG -- : REQUESTING PAGE: GET / with {} and HTTP headers {}
D, [2017-10-21T07:17:27.442119 #11824] DEBUG -- : REQUESTING PAGE: GET / with {} and HTTP headers {}
D, [2017-10-21T07:20:49.802693 #8308] DEBUG -- : REQUESTING PAGE: GET / with {} and HTTP headers {}
D, [2017-10-21T07:20:50.099710 #8308] DEBUG -- : REQUESTING PAGE: GET / with {} and HTTP headers {}
D, [2017-10-21T07:21:04.762549 #9844] DEBUG -- : REQUESTING PAGE: GET / with {} and HTTP headers {}
D, [2017-10-21T07:21:04.992562 #9844] DEBUG -- : REQUESTING PAGE: GET / with {} and HTTP headers {}
D, [2017-10-21T07:22:40.582029 #9012] DEBUG -- : REQUESTING PAGE: GET / with {} and HTTP headers {}
D, [2017-10-21T07:22:40.829043 #9012] DEBUG -- : REQUESTING PAGE: GET / with {} and HTTP headers {}
D, [2017-10-21T07:25:55.293166 #7344] DEBUG -- : REQUESTING PAGE: GET / with {} and HTTP headers {}
D, [2017-10-21T07:25:55.518179 #7344] DEBUG -- : REQUESTING PAGE: GET / with {} and HTTP headers {}
D, [2017-10-21T07:27:58.980241 #9948] DEBUG -- : REQUESTING PAGE: GET / with {} and HTTP headers {}
D, [2017-10-21T07:27:59.214254 #9948] DEBUG -- : REQUESTING PAGE: GET / with {} and HTTP headers {}
D, [2017-10-21T07:27:59.406265 #9948] DEBUG -- : REQUESTING PAGE: GET / with {} and HTTP headers {}
D, [2017-10-21T07:30:15.943075 #2396] DEBUG -- : REQUESTING PAGE: GET / with {} and HTTP headers {}
D, [2017-10-21T07:30:16.320096 #2396] DEBUG -- : REQUESTING PAGE: GET / with {} and HTTP headers {}
D, [2017-10-21T07:30:16.539109 #2396] DEBUG -- : REQUESTING PAGE: GET / with {} and HTTP headers {}
D, [2017-10-21T07:30:49.439990 #7648] DEBUG -- : REQUESTING PAGE: GET / with {} and HTTP headers {}
D, [2017-10-21T07:30:49.662003 #7648] DEBUG -- : REQUESTING PAGE: GET / with {} and HTTP headers {}
D, [2017-10-21T07:30:49.869015 #7648] DEBUG -- : REQUESTING PAGE: GET / with {} and HTTP headers {}
D, [2017-10-21T07:33:25.519918 #2624] DEBUG -- : REQUESTING PAGE: GET / with {} and HTTP headers {}
D, [2017-10-21T07:33:25.747931 #2624] DEBUG -- : REQUESTING PAGE: GET / with {} and HTTP headers {}
D, [2017-10-21T07:33:25.862937 #2624] DEBUG -- : REQUESTING PAGE: GET / with {} and HTTP headers {}
D, [2017-10-21T07:34:58.412231 #8224] DEBUG -- : REQUESTING PAGE: GET / with {} and HTTP headers {}
D, [2017-10-21T07:34:58.629243 #8224] DEBUG -- : REQUESTING PAGE: GET / with {} and HTTP headers {}
D, [2017-10-21T07:34:58.847256 #8224] DEBUG -- : REQUESTING PAGE: GET / with {} and HTTP headers {}
D, [2017-10-21T07:35:25.088757 #8916] DEBUG -- : REQUESTING PAGE: GET / with {} and HTTP headers {}
D, [2017-10-21T07:35:25.313770 #8916] DEBUG -- : REQUESTING PAGE: GET / with {} and HTTP headers {}
D, [2017-10-21T07:35:25.417775 #8916] DEBUG -- : REQUESTING PAGE: GET / with {} and HTTP headers {}
D, [2017-10-21T07:35:49.885175 #12340] DEBUG -- : REQUESTING PAGE: GET / with {} and HTTP headers {}
D, [2017-10-21T07:35:50.103187 #12340] DEBUG -- : REQUESTING PAGE: GET / with {} and HTTP headers {}
D, [2017-10-21T07:35:50.213194 #12340] DEBUG -- : REQUESTING PAGE: GET / with {} and HTTP headers {}
D, [2017-10-21T07:36:04.359003 #2580] DEBUG -- : REQUESTING PAGE: GET / with {} and HTTP headers {}
D, [2017-10-21T07:36:04.588016 #2580] DEBUG -- : REQUESTING PAGE: GET / with {} and HTTP headers {}
D, [2017-10-21T07:36:04.699022 #2580] DEBUG -- : REQUESTING PAGE: GET / with {} and HTTP headers {}
D, [2017-10-21T07:37:03.337376 #12792] DEBUG -- : REQUESTING PAGE: GET / with {} and HTTP headers {}
D, [2017-10-21T07:37:03.554389 #12792] DEBUG -- : REQUESTING PAGE: GET / with {} and HTTP headers {}
D, [2017-10-21T07:37:03.756400 #12792] DEBUG -- : REQUESTING PAGE: POST /saludar with {"nombre"=>"Pedro", "edad"=>""} and HTTP headers {"HTTP_REFERER"=>"/"}
D, [2017-10-21T07:37:04.180424 #12792] DEBUG -- : REQUESTING PAGE: GET / with {} and HTTP headers {}
D, [2017-10-21T07:37:27.645767 #10176] DEBUG -- : REQUESTING PAGE: GET / with {} and HTTP headers {}
D, [2017-10-21T07:37:27.873780 #10176] DEBUG -- : REQUESTING PAGE: GET / with {} and HTTP headers {}
D, [2017-10-21T07:37:27.923782 #10176] DEBUG -- : REQUESTING PAGE: POST /saludar with {"nombre"=>"Pedro", "edad"=>""} and HTTP headers {"HTTP_REFERER"=>"/"}
D, [2017-10-21T07:37:27.968785 #10176] DEBUG -- : REQUESTING PAGE: GET / with {} and HTTP headers {}
D, [2017-10-21T07:37:28.030789 #10176] DEBUG -- : REQUESTING PAGE: POST /saludar with {"nombre"=>"JP", "edad"=>"14"} and HTTP headers {"HTTP_REFERER"=>"/"}
D, [2017-10-21T07:38:49.300437 #12564] DEBUG -- : REQUESTING PAGE: GET / with {} and HTTP headers {}
D, [2017-10-21T07:38:49.517449 #12564] DEBUG -- : REQUESTING PAGE: GET / with {} and HTTP headers {}
D, [2017-10-21T07:38:49.565452 #12564] DEBUG -- : REQUESTING PAGE: POST /saludar with {"nombre"=>"Pedro", "edad"=>""} and HTTP headers {"HTTP_REFERER"=>"/"}
D, [2017-10-21T07:38:49.610455 #12564] DEBUG -- : REQUESTING PAGE: GET / with {} and HTTP headers {}
D, [2017-10-21T07:38:49.677458 #12564] DEBUG -- : REQUESTING PAGE: POST /saludar with {"nombre"=>"JP", "edad"=>"14"} and HTTP headers {"HTTP_REFERER"=>"/"}
D, [2017-10-21T07:39:38.148231 #9892] DEBUG -- : REQUESTING PAGE: GET / with {} and HTTP headers {}
D, [2017-10-21T07:39:38.371244 #9892] DEBUG -- : REQUESTING PAGE: GET / with {} and HTTP headers {}
D, [2017-10-21T07:39:38.418246 #9892] DEBUG -- : REQUESTING PAGE: POST /saludar with {"nombre"=>"Pedro", "edad"=>""} and HTTP headers {"HTTP_REFERER"=>"/"}
D, [2017-10-21T07:39:38.465249 #9892] DEBUG -- : REQUESTING PAGE: GET / with {} and HTTP headers {}
D, [2017-10-21T07:39:38.533253 #9892] DEBUG -- : REQUESTING PAGE: POST /saludar with {"nombre"=>"JP", "edad"=>"14"} and HTTP headers {"HTTP_REFERER"=>"/"}
D, [2017-10-21T07:39:38.566255 #9892] DEBUG -- : REQUESTING PAGE: GET / with {} and HTTP headers {}
D, [2017-10-21T07:39:38.630258 #9892] DEBUG -- : REQUESTING PAGE: POST /saludar with {"nombre"=>"JP", "edad"=>"23"} and HTTP headers {"HTTP_REFERER"=>"/"}
D, [2017-10-21T07:40:02.437620 #11440] DEBUG -- : REQUESTING PAGE: GET / with {} and HTTP headers {}
D, [2017-10-21T07:40:02.668633 #11440] DEBUG -- : REQUESTING PAGE: GET / with {} and HTTP headers {}
D, [2017-10-21T07:40:02.715636 #11440] DEBUG -- : REQUESTING PAGE: POST /saludar with {"nombre"=>"Pedro", "edad"=>""} and HTTP headers {"HTTP_REFERER"=>"/"}
D, [2017-10-21T07:40:02.764639 #11440] DEBUG -- : REQUESTING PAGE: GET / with {} and HTTP headers {}
D, [2017-10-21T07:40:02.826642 #11440] DEBUG -- : REQUESTING PAGE: POST /saludar with {"nombre"=>"JP", "edad"=>"14"} and HTTP headers {"HTTP_REFERER"=>"/"}
D, [2017-10-21T07:40:02.860644 #11440] DEBUG -- : REQUESTING PAGE: GET / with {} and HTTP headers {}
D, [2017-10-21T07:40:02.922648 #11440] DEBUG -- : REQUESTING PAGE: POST /saludar with {"nombre"=>"Joe", "edad"=>"23"} and HTTP headers {"HTTP_REFERER"=>"/"}
D, [2017-10-21T07:41:16.465854 #11696] DEBUG -- : REQUESTING PAGE: GET / with {} and HTTP headers {}
D, [2017-10-21T07:41:16.688867 #11696] DEBUG -- : REQUESTING PAGE: GET / with {} and HTTP headers {}
D, [2017-10-21T07:41:16.737870 #11696] DEBUG -- : REQUESTING PAGE: POST /saludar with {"nombre"=>"Pedro", "edad"=>""} and HTTP headers {"HTTP_REFERER"=>"/"}
D, [2017-10-21T07:42:03.639552 #5560] DEBUG -- : REQUESTING PAGE: GET / with {} and HTTP headers {}
D, [2017-10-21T07:42:03.863565 #5560] DEBUG -- : REQUESTING PAGE: GET / with {} and HTTP headers {}
D, [2017-10-21T07:42:03.914568 #5560] DEBUG -- : REQUESTING PAGE: POST /saludar with {"nombre"=>"Pedro", "edad"=>""} and HTTP headers {"HTTP_REFERER"=>"/"}
D, [2017-10-21T07:42:46.598010 #9172] DEBUG -- : REQUESTING PAGE: GET / with {} and HTTP headers {}
D, [2017-10-21T07:42:46.829023 #9172] DEBUG -- : REQUESTING PAGE: GET / with {} and HTTP headers {}
D, [2017-10-21T07:42:46.882026 #9172] DEBUG -- : REQUESTING PAGE: POST /saludar with {"nombre"=>"Pedro", "edad"=>""} and HTTP headers {"HTTP_REFERER"=>"/"}
D, [2017-10-21T07:42:46.933029 #9172] DEBUG -- : REQUESTING PAGE: GET / with {} and HTTP headers {}
D, [2017-10-21T07:42:47.004033 #9172] DEBUG -- : REQUESTING PAGE: POST /saludar with {"nombre"=>"JP", "edad"=>"14"} and HTTP headers {"HTTP_REFERER"=>"/"}
D, [2017-10-21T07:42:47.041035 #9172] DEBUG -- : REQUESTING PAGE: GET / with {} and HTTP headers {}
D, [2017-10-21T07:42:47.108039 #9172] DEBUG -- : REQUESTING PAGE: POST /saludar with {"nombre"=>"Joe", "edad"=>"23"} and HTTP headers {"HTTP_REFERER"=>"/"}
D, [2017-10-21T08:15:20.462818 #12356] DEBUG -- : REQUESTING PAGE: GET / with {} and HTTP headers {}
D, [2017-10-21T08:15:20.705832 #12356] DEBUG -- : REQUESTING PAGE: GET / with {} and HTTP headers {}
D, [2017-10-21T08:15:20.756834 #12356] DEBUG -- : REQUESTING PAGE: POST /saludar with {"nombre"=>"Pedro", "edad"=>""} and HTTP headers {"HTTP_REFERER"=>"/"}
D, [2017-10-21T08:16:09.004594 #11232] DEBUG -- : REQUESTING PAGE: GET / with {} and HTTP headers {}
D, [2017-10-21T08:16:09.223607 #11232] DEBUG -- : REQUESTING PAGE: GET / with {} and HTTP headers {}
D, [2017-10-21T08:16:09.271609 #11232] DEBUG -- : REQUESTING PAGE: POST /saludar with {"nombre"=>"Pedro", "edad"=>""} and HTTP headers {"HTTP_REFERER"=>"/"}
D, [2017-10-21T08:18:14.359764 #10260] DEBUG -- : REQUESTING PAGE: GET / with {} and HTTP headers {}
D, [2017-10-21T08:18:14.582777 #10260] DEBUG -- : REQUESTING PAGE: GET / with {} and HTTP headers {}
D, [2017-10-21T08:18:14.638780 #10260] DEBUG -- : REQUESTING PAGE: POST /saludar with {"nombre"=>"Pedro", "edad"=>""} and HTTP headers {"HTTP_REFERER"=>"/"}
D, [2017-10-21T08:18:14.691783 #10260] DEBUG -- : REQUESTING PAGE: GET / with {} and HTTP headers {}
D, [2017-10-21T08:18:14.758787 #10260] DEBUG -- : REQUESTING PAGE: POST /saludar with {"nombre"=>"JP", "edad"=>"14"} and HTTP headers {"HTTP_REFERER"=>"/"}
D, [2017-10-21T08:18:14.797789 #10260] DEBUG -- : REQUESTING PAGE: GET / with {} and HTTP headers {}
D, [2017-10-21T08:18:14.869793 #10260] DEBUG -- : REQUESTING PAGE: POST /saludar with {"nombre"=>"Joe", "edad"=>"23"} and HTTP headers {"HTTP_REFERER"=>"/"}
D, [2017-10-21T08:20:43.825313 #11296] DEBUG -- : REQUESTING PAGE: GET / with {} and HTTP headers {}
D, [2017-10-21T08:20:44.065327 #11296] DEBUG -- : REQUESTING PAGE: GET / with {} and HTTP headers {}
D, [2017-10-21T08:20:44.116330 #11296] DEBUG -- : REQUESTING PAGE: POST /saludar with {"nombre"=>"Pedro", "edad"=>""} and HTTP headers {"HTTP_REFERER"=>"/"}
D, [2017-10-21T08:20:44.167332 #11296] DEBUG -- : REQUESTING PAGE: GET / with {} and HTTP headers {}
D, [2017-10-21T08:20:44.235336 #11296] DEBUG -- : REQUESTING PAGE: POST /saludar with {"nombre"=>"JP", "edad"=>"14"} and HTTP headers {"HTTP_REFERER"=>"/"}
D, [2017-10-21T08:20:44.270338 #11296] DEBUG -- : REQUESTING PAGE: GET / with {} and HTTP headers {}
D, [2017-10-21T08:20:44.336342 #11296] DEBUG -- : REQUESTING PAGE: POST /saludar with {"nombre"=>"Joe", "edad"=>"23"} and HTTP headers {"HTTP_REFERER"=>"/"}
